{
  "RSpec": {
    "coverage": {
      "/home/hamza/projects/cross-blogs/app/models/article.rb": [
        null,
        1,
        1,
        null,
        1,
        1,
        1,
        null
      ],
      "/home/hamza/projects/cross-blogs/app/models/application_record.rb": [
        null,
        1,
        1,
        null
      ],
      "/home/hamza/projects/cross-blogs/app/models/comment.rb": [
        null,
        1,
        1,
        null,
        1,
        1,
        1,
        1,
        null
      ],
      "/home/hamza/projects/cross-blogs/app/controllers/articles_controller.rb": [
        null,
        1,
        1,
        null,
        null,
        null,
        null,
        1,
        1,
        null,
        null,
        null,
        null,
        null,
        null,
        1,
        null,
        null,
        null,
        1,
        2,
        null,
        2,
        1,
        null,
        1,
        null,
        null,
        null,
        null,
        null,
        null,
        1,
        2,
        1,
        null,
        1,
        null,
        null,
        null,
        null,
        null,
        null,
        1,
        1,
        1,
        null,
        null,
        1,
        null,
        null,
        1,
        3,
        null,
        null,
        null,
        1,
        4,
        null,
        null
      ],
      "/home/hamza/projects/cross-blogs/app/controllers/application_controller.rb": [
        null,
        1,
        null,
        null,
        1,
        null
      ],
      "/home/hamza/projects/cross-blogs/app/controllers/comments_controller.rb": [
        null,
        1,
        null,
        null,
        1,
        1,
        null,
        null,
        null,
        1,
        0,
        null,
        0,
        0,
        null,
        0,
        null,
        null,
        null,
        null,
        null,
        1,
        null,
        null,
        1,
        0,
        null,
        null
      ]
    },
    "timestamp": 1527880625
  }
}
